2020-12-15 23:06:35,479 [main] ERROR [o.s.boot.web.embedded.tomcat.TomcatStarter] TomcatStarter.java:62 - Error starting Tomcat context. Exception: org.springframework.beans.factory.UnsatisfiedDependencyException. Message: Error creating bean with name 'springSecurityConfig': Unsatisfied dependency expressed through field 'myUserDetailsService'; nested exception is org.springframework.beans.factory.UnsatisfiedDependencyException: Error creating bean with name 'myUserDetailsService': Unsatisfied dependency expressed through field 'userMapper'; nested exception is org.springframework.beans.factory.NoSuchBeanDefinitionException: No qualifying bean of type 'io.pandora.mall.mapper.system.UserMapper' available: expected at least 1 bean which qualifies as autowire candidate. Dependency annotations: {@org.springframework.beans.factory.annotation.Autowired(required=true)}
2020-12-15 23:06:35,796 [main] ERROR [o.s.b.diagnostics.LoggingFailureAnalysisReporter] LoggingFailureAnalysisReporter.java:42 - 

***************************
APPLICATION FAILED TO START
***************************

Description:

Field userMapper in MyUserDetailsService required a bean of type 'io.pandora.mall.mapper.system.UserMapper' that could not be found.

The injection point has the following annotations:
	- @org.springframework.beans.factory.annotation.Autowired(required=true)


Action:

Consider defining a bean of type 'io.pandora.mall.mapper.system.UserMapper' in your configuration.

2020-12-15 23:08:42,566 [main] ERROR [o.s.boot.web.embedded.tomcat.TomcatStarter] TomcatStarter.java:62 - Error starting Tomcat context. Exception: org.springframework.beans.factory.UnsatisfiedDependencyException. Message: Error creating bean with name 'springSecurityConfig': Unsatisfied dependency expressed through field 'myUserDetailsService'; nested exception is org.springframework.beans.factory.UnsatisfiedDependencyException: Error creating bean with name 'myUserDetailsService': Unsatisfied dependency expressed through field 'userMapper'; nested exception is org.springframework.beans.factory.NoSuchBeanDefinitionException: No qualifying bean of type 'io.pandora.mall.mapper.system.UserMapper' available: expected at least 1 bean which qualifies as autowire candidate. Dependency annotations: {@org.springframework.beans.factory.annotation.Autowired(required=true)}
2020-12-15 23:08:42,908 [main] ERROR [o.s.b.diagnostics.LoggingFailureAnalysisReporter] LoggingFailureAnalysisReporter.java:42 - 

***************************
APPLICATION FAILED TO START
***************************

Description:

Field userMapper in MyUserDetailsService required a bean of type 'io.pandora.mall.mapper.system.UserMapper' that could not be found.

The injection point has the following annotations:
	- @org.springframework.beans.factory.annotation.Autowired(required=true)


Action:

Consider defining a bean of type 'io.pandora.mall.mapper.system.UserMapper' in your configuration.

2020-12-16 23:16:01,216 [main] ERROR [com.baomidou.mybatisplus.core.MybatisConfiguration] MybatisConfiguration.java:85 - mapper[io.pandora.mall.mapper.system.UserMapper.findUserByAccount] is ignored, because it exists, maybe from xml file
2020-12-17 18:36:54,748 [main] ERROR [com.baomidou.mybatisplus.core.MybatisConfiguration] MybatisConfiguration.java:85 - mapper[io.pandora.mall.mapper.system.UserMapper.findUserByAccount] is ignored, because it exists, maybe from xml file
2020-12-17 18:38:11,433 [main] ERROR [com.baomidou.mybatisplus.core.MybatisConfiguration] MybatisConfiguration.java:85 - mapper[io.pandora.mall.mapper.system.UserMapper.findUserByAccount] is ignored, because it exists, maybe from xml file
2020-12-18 12:10:59,969 [main] ERROR [com.baomidou.mybatisplus.core.MybatisConfiguration] MybatisConfiguration.java:85 - mapper[io.pandora.mall.mapper.system.UserMapper.findUserByAccount] is ignored, because it exists, maybe from xml file
2020-12-18 15:37:37,945 [main] ERROR [com.baomidou.mybatisplus.core.MybatisConfiguration] MybatisConfiguration.java:85 - mapper[io.pandora.mall.mapper.system.UserMapper.findUserByAccount] is ignored, because it exists, maybe from xml file
2020-12-18 15:38:21,144 [http-nio-9009-exec-22] ERROR [o.a.c.c.C.[.[localhost].[/].[dispatcherServlet]] DirectJDKLog.java:175 - Servlet.service() for servlet [dispatcherServlet] in context with path [] threw exception
java.lang.NullPointerException: null
	at io.pandora.mall.module.security.filter.MyLoginFiler.attemptAuthentication(MyLoginFiler.java:71)
	at org.springframework.security.web.authentication.AbstractAuthenticationProcessingFilter.doFilter(AbstractAuthenticationProcessingFilter.java:212)
	at org.springframework.security.web.FilterChainProxy$VirtualFilterChain.doFilter(FilterChainProxy.java:334)
	at io.pandora.mall.module.security.filter.MyAuthenticationFilter.doFilterInternal(MyAuthenticationFilter.java:53)
	at org.springframework.web.filter.OncePerRequestFilter.doFilter(OncePerRequestFilter.java:107)
	at org.springframework.security.web.FilterChainProxy$VirtualFilterChain.doFilter(FilterChainProxy.java:334)
	at org.springframework.security.web.authentication.logout.LogoutFilter.doFilter(LogoutFilter.java:116)
	at org.springframework.security.web.FilterChainProxy$VirtualFilterChain.doFilter(FilterChainProxy.java:334)
	at org.springframework.web.filter.CorsFilter.doFilterInternal(CorsFilter.java:96)
	at org.springframework.web.filter.OncePerRequestFilter.doFilter(OncePerRequestFilter.java:107)
	at org.springframework.security.web.FilterChainProxy$VirtualFilterChain.doFilter(FilterChainProxy.java:334)
	at org.springframework.security.web.header.HeaderWriterFilter.doFilterInternal(HeaderWriterFilter.java:74)
	at org.springframework.web.filter.OncePerRequestFilter.doFilter(OncePerRequestFilter.java:107)
	at org.springframework.security.web.FilterChainProxy$VirtualFilterChain.doFilter(FilterChainProxy.java:334)
	at org.springframework.security.web.context.SecurityContextPersistenceFilter.doFilter(SecurityContextPersistenceFilter.java:105)
	at org.springframework.security.web.FilterChainProxy$VirtualFilterChain.doFilter(FilterChainProxy.java:334)
	at org.springframework.security.web.context.request.async.WebAsyncManagerIntegrationFilter.doFilterInternal(WebAsyncManagerIntegrationFilter.java:56)
	at org.springframework.web.filter.OncePerRequestFilter.doFilter(OncePerRequestFilter.java:107)
	at org.springframework.security.web.FilterChainProxy$VirtualFilterChain.doFilter(FilterChainProxy.java:334)
	at org.springframework.security.web.FilterChainProxy.doFilterInternal(FilterChainProxy.java:215)
	at org.springframework.security.web.FilterChainProxy.doFilter(FilterChainProxy.java:178)
	at org.springframework.web.filter.DelegatingFilterProxy.invokeDelegate(DelegatingFilterProxy.java:357)
	at org.springframework.web.filter.DelegatingFilterProxy.doFilter(DelegatingFilterProxy.java:270)
	at org.apache.catalina.core.ApplicationFilterChain.internalDoFilter(ApplicationFilterChain.java:193)
	at org.apache.catalina.core.ApplicationFilterChain.doFilter(ApplicationFilterChain.java:166)
	at org.springframework.web.filter.RequestContextFilter.doFilterInternal(RequestContextFilter.java:99)
	at org.springframework.web.filter.OncePerRequestFilter.doFilter(OncePerRequestFilter.java:107)
	at org.apache.catalina.core.ApplicationFilterChain.internalDoFilter(ApplicationFilterChain.java:193)
	at org.apache.catalina.core.ApplicationFilterChain.doFilter(ApplicationFilterChain.java:166)
	at org.springframework.web.filter.FormContentFilter.doFilterInternal(FormContentFilter.java:92)
	at org.springframework.web.filter.OncePerRequestFilter.doFilter(OncePerRequestFilter.java:107)
	at org.apache.catalina.core.ApplicationFilterChain.internalDoFilter(ApplicationFilterChain.java:193)
	at org.apache.catalina.core.ApplicationFilterChain.doFilter(ApplicationFilterChain.java:166)
	at org.springframework.web.filter.HiddenHttpMethodFilter.doFilterInternal(HiddenHttpMethodFilter.java:93)
	at org.springframework.web.filter.OncePerRequestFilter.doFilter(OncePerRequestFilter.java:107)
	at org.apache.catalina.core.ApplicationFilterChain.internalDoFilter(ApplicationFilterChain.java:193)
	at org.apache.catalina.core.ApplicationFilterChain.doFilter(ApplicationFilterChain.java:166)
	at org.springframework.web.filter.CharacterEncodingFilter.doFilterInternal(CharacterEncodingFilter.java:200)
	at org.springframework.web.filter.OncePerRequestFilter.doFilter(OncePerRequestFilter.java:107)
	at org.apache.catalina.core.ApplicationFilterChain.internalDoFilter(ApplicationFilterChain.java:193)
	at org.apache.catalina.core.ApplicationFilterChain.doFilter(ApplicationFilterChain.java:166)
	at org.apache.catalina.core.StandardWrapperValve.invoke(StandardWrapperValve.java:200)
	at org.apache.catalina.core.StandardContextValve.invoke(StandardContextValve.java:96)
	at org.apache.catalina.authenticator.AuthenticatorBase.invoke(AuthenticatorBase.java:490)
	at org.apache.catalina.core.StandardHostValve.invoke(StandardHostValve.java:139)
	at org.apache.catalina.valves.ErrorReportValve.invoke(ErrorReportValve.java:92)
	at org.apache.catalina.core.StandardEngineValve.invoke(StandardEngineValve.java:74)
	at org.apache.catalina.connector.CoyoteAdapter.service(CoyoteAdapter.java:343)
	at org.apache.coyote.http11.Http11Processor.service(Http11Processor.java:408)
	at org.apache.coyote.AbstractProcessorLight.process(AbstractProcessorLight.java:66)
	at org.apache.coyote.AbstractProtocol$ConnectionHandler.process(AbstractProtocol.java:834)
	at org.apache.tomcat.util.net.NioEndpoint$SocketProcessor.doRun(NioEndpoint.java:1415)
	at org.apache.tomcat.util.net.SocketProcessorBase.run(SocketProcessorBase.java:49)
	at java.util.concurrent.ThreadPoolExecutor.runWorker(ThreadPoolExecutor.java:1142)
	at java.util.concurrent.ThreadPoolExecutor$Worker.run(ThreadPoolExecutor.java:617)
	at org.apache.tomcat.util.threads.TaskThread$WrappingRunnable.run(TaskThread.java:61)
	at java.lang.Thread.run(Thread.java:745)
2020-12-18 18:20:44,719 [main] ERROR [com.baomidou.mybatisplus.core.MybatisConfiguration] MybatisConfiguration.java:85 - mapper[io.pandora.mall.mapper.system.UserMapper.findUserByAccount] is ignored, because it exists, maybe from xml file
