2021-01-04 09:05:18,946 [main] INFO  [io.pandora.mall.PandoraApplication] StartupInfoLogger.java:50 - Starting PandoraApplication on DESKTOP-PSDTEL6 with PID 12848 (D:\pandora-mall\pandora-admin\target\classes started by WIN10 in D:\pandora-mall)
2021-01-04 09:05:18,962 [main] INFO  [io.pandora.mall.PandoraApplication] SpringApplication.java:679 - The following profiles are active: dev
2021-01-04 09:05:21,946 [main] WARN  [org.mybatis.spring.mapper.ClassPathMapperScanner] Logger.java:44 - No MyBatis mapper was found in '[io.pandora.mall.redis, io.pandora.mall]' package. Please check your configuration.
2021-01-04 09:05:22,071 [main] INFO  [o.s.d.r.config.RepositoryConfigurationDelegate] RepositoryConfigurationDelegate.java:244 - Multiple Spring Data modules found, entering strict repository configuration mode!
2021-01-04 09:05:22,071 [main] INFO  [o.s.d.r.config.RepositoryConfigurationDelegate] RepositoryConfigurationDelegate.java:126 - Bootstrapping Spring Data repositories in DEFAULT mode.
2021-01-04 09:05:22,368 [main] INFO  [o.s.d.r.config.RepositoryConfigurationDelegate] RepositoryConfigurationDelegate.java:182 - Finished Spring Data repository scanning in 281ms. Found 1 repository interfaces.
2021-01-04 09:05:22,384 [main] INFO  [o.s.d.r.config.RepositoryConfigurationDelegate] RepositoryConfigurationDelegate.java:244 - Multiple Spring Data modules found, entering strict repository configuration mode!
2021-01-04 09:05:22,399 [main] INFO  [o.s.d.r.config.RepositoryConfigurationDelegate] RepositoryConfigurationDelegate.java:126 - Bootstrapping Spring Data repositories in DEFAULT mode.
2021-01-04 09:05:22,493 [main] INFO  [o.s.d.r.c.RepositoryConfigurationExtensionSupport] RepositoryConfigurationExtensionSupport.java:363 - Spring Data Redis - Could not safely identify store assignment for repository candidate interface io.pandora.mall.search.dao.TestDao.
2021-01-04 09:05:22,493 [main] INFO  [o.s.d.r.config.RepositoryConfigurationDelegate] RepositoryConfigurationDelegate.java:182 - Finished Spring Data repository scanning in 78ms. Found 0 repository interfaces.
2021-01-04 09:05:23,259 [main] INFO  [o.s.c.s.PostProcessorRegistrationDelegate$BeanPostProcessorChecker] PostProcessorRegistrationDelegate.java:330 - Bean 'asyncTaskProperties' of type [io.pandora.mall.config.thread.AsyncTaskProperties] is not eligible for getting processed by all BeanPostProcessors (for example: not eligible for auto-proxying)
2021-01-04 09:05:23,275 [main] INFO  [o.s.c.s.PostProcessorRegistrationDelegate$BeanPostProcessorChecker] PostProcessorRegistrationDelegate.java:330 - Bean 'asyncTaskExecutePool' of type [io.pandora.mall.config.thread.AsyncTaskExecutePool$$EnhancerBySpringCGLIB$$43471b30] is not eligible for getting processed by all BeanPostProcessors (for example: not eligible for auto-proxying)
2021-01-04 09:05:23,931 [main] INFO  [o.s.c.s.PostProcessorRegistrationDelegate$BeanPostProcessorChecker] PostProcessorRegistrationDelegate.java:330 - Bean 'org.springframework.security.config.annotation.configuration.ObjectPostProcessorConfiguration' of type [org.springframework.security.config.annotation.configuration.ObjectPostProcessorConfiguration$$EnhancerBySpringCGLIB$$53456502] is not eligible for getting processed by all BeanPostProcessors (for example: not eligible for auto-proxying)
2021-01-04 09:05:23,946 [main] INFO  [o.s.c.s.PostProcessorRegistrationDelegate$BeanPostProcessorChecker] PostProcessorRegistrationDelegate.java:330 - Bean 'objectPostProcessor' of type [org.springframework.security.config.annotation.configuration.AutowireBeanFactoryObjectPostProcessor] is not eligible for getting processed by all BeanPostProcessors (for example: not eligible for auto-proxying)
2021-01-04 09:05:23,946 [main] INFO  [o.s.c.s.PostProcessorRegistrationDelegate$BeanPostProcessorChecker] PostProcessorRegistrationDelegate.java:330 - Bean 'org.springframework.security.access.expression.method.DefaultMethodSecurityExpressionHandler@3d0cac1f' of type [org.springframework.security.access.expression.method.DefaultMethodSecurityExpressionHandler] is not eligible for getting processed by all BeanPostProcessors (for example: not eligible for auto-proxying)
2021-01-04 09:05:23,962 [main] INFO  [o.s.c.s.PostProcessorRegistrationDelegate$BeanPostProcessorChecker] PostProcessorRegistrationDelegate.java:330 - Bean 'org.springframework.security.config.annotation.method.configuration.GlobalMethodSecurityConfiguration' of type [org.springframework.security.config.annotation.method.configuration.GlobalMethodSecurityConfiguration$$EnhancerBySpringCGLIB$$781a07b4] is not eligible for getting processed by all BeanPostProcessors (for example: not eligible for auto-proxying)
2021-01-04 09:05:23,978 [main] INFO  [o.s.c.s.PostProcessorRegistrationDelegate$BeanPostProcessorChecker] PostProcessorRegistrationDelegate.java:330 - Bean 'methodSecurityMetadataSource' of type [org.springframework.security.access.method.DelegatingMethodSecurityMetadataSource] is not eligible for getting processed by all BeanPostProcessors (for example: not eligible for auto-proxying)
2021-01-04 09:05:24,009 [main] INFO  [o.s.c.s.PostProcessorRegistrationDelegate$BeanPostProcessorChecker] PostProcessorRegistrationDelegate.java:330 - Bean 'org.springframework.transaction.annotation.ProxyTransactionManagementConfiguration' of type [org.springframework.transaction.annotation.ProxyTransactionManagementConfiguration$$EnhancerBySpringCGLIB$$ba979cc8] is not eligible for getting processed by all BeanPostProcessors (for example: not eligible for auto-proxying)
2021-01-04 09:05:24,400 [main] INFO  [org.eclipse.jetty.util.log] Log.java:193 - Logging initialized @8736ms to org.eclipse.jetty.util.log.Slf4jLog
2021-01-04 09:05:24,618 [main] INFO  [o.s.b.w.e.jetty.JettyServletWebServerFactory] JettyServletWebServerFactory.java:143 - Server initialized with port: 9009
2021-01-04 09:05:24,634 [main] INFO  [org.eclipse.jetty.server.Server] Server.java:370 - jetty-9.4.15.v20190215; built: 2019-02-15T16:53:49.381Z; git: eb70b240169fcf1abbd86af36482d1c49826fa0b; jvm 1.8.0_121-b13
2021-01-04 09:05:24,665 [main] INFO  [o.e.j.server.handler.ContextHandler.application] ContextHandler.java:2345 - Initializing Spring embedded WebApplicationContext
2021-01-04 09:05:24,665 [main] INFO  [org.springframework.web.context.ContextLoader] ServletWebServerApplicationContext.java:296 - Root WebApplicationContext: initialization completed in 5641 ms
2021-01-04 09:05:25,322 [main] INFO  [c.a.d.s.b.a.DruidDataSourceAutoConfigure] DruidDataSourceAutoConfigure.java:56 - Init DruidDataSource
2021-01-04 09:05:25,790 [main] INFO  [com.alibaba.druid.pool.DruidDataSource] DruidDataSource.java:928 - {dataSource-1} inited
2021-01-04 09:05:26,931 [main] WARN  [c.b.mybatisplus.core.metadata.TableInfoHelper] TableInfoHelper.java:282 - Warn: Could not find @TableId in Class: java.security.Permission.
2021-01-04 09:05:27,869 [main] INFO  [o.s.boot.web.servlet.RegistrationBean] RegistrationBean.java:50 - Filter myAuthenticationFilter was not registered (disabled)
2021-01-04 09:05:27,869 [main] INFO  [o.s.boot.web.servlet.RegistrationBean] RegistrationBean.java:50 - Filter myLoginFiler was not registered (disabled)
2021-01-04 09:05:27,978 [main] INFO  [org.eclipse.jetty.server.session] DefaultSessionIdManager.java:365 - DefaultSessionIdManager workerName=node0
2021-01-04 09:05:27,978 [main] INFO  [org.eclipse.jetty.server.session] DefaultSessionIdManager.java:370 - No SessionScavenger set, using defaults
2021-01-04 09:05:27,994 [main] INFO  [org.eclipse.jetty.server.session] HouseKeeper.java:149 - node0 Scavenging every 660000ms
2021-01-04 09:05:27,994 [main] INFO  [org.eclipse.jetty.server.handler.ContextHandler] ContextHandler.java:855 - Started o.s.b.w.e.j.JettyEmbeddedWebAppContext@39449465{application,/,[file:///C:/Users/WIN10/AppData/Local/Temp/jetty-docbase.8692099852729414842.9009/, jar:file:/C:/Users/WIN10/.m2/repository/io/springfox/springfox-swagger-ui/2.6.1/springfox-swagger-ui-2.6.1.jar!/META-INF/resources, jar:file:/C:/Users/WIN10/.m2/repository/com/github/xiaoymin/swagger-bootstrap-ui/1.9.6/swagger-bootstrap-ui-1.9.6.jar!/META-INF/resources],AVAILABLE}
2021-01-04 09:05:27,994 [main] INFO  [org.eclipse.jetty.server.Server] Server.java:407 - Started @12338ms
2021-01-04 09:05:28,494 [main] INFO  [org.quartz.impl.StdSchedulerFactory] StdSchedulerFactory.java:1208 - Using default implementation for ThreadExecutor
2021-01-04 09:05:28,525 [main] INFO  [org.quartz.core.SchedulerSignalerImpl] SchedulerSignalerImpl.java:61 - Initialized Scheduler Signaller of type: class org.quartz.core.SchedulerSignalerImpl
2021-01-04 09:05:28,525 [main] INFO  [org.quartz.core.QuartzScheduler] QuartzScheduler.java:229 - Quartz Scheduler v.2.3.1 created.
2021-01-04 09:05:28,525 [main] INFO  [org.quartz.simpl.RAMJobStore] RAMJobStore.java:155 - RAMJobStore initialized.
2021-01-04 09:05:28,525 [main] INFO  [org.quartz.core.QuartzScheduler] QuartzScheduler.java:294 - Scheduler meta-data: Quartz Scheduler (v2.3.1) 'schedulerFactoryBean' with instanceId 'NON_CLUSTERED'
  Scheduler class: 'org.quartz.core.QuartzScheduler' - running locally.
  NOT STARTED.
  Currently in standby mode.
  Number of jobs executed: 0
  Using thread pool 'org.quartz.simpl.SimpleThreadPool' - with 10 threads.
  Using job-store 'org.quartz.simpl.RAMJobStore' - which does not support persistence. and is not clustered.

2021-01-04 09:05:28,525 [main] INFO  [org.quartz.impl.StdSchedulerFactory] StdSchedulerFactory.java:1362 - Quartz scheduler 'schedulerFactoryBean' initialized from an externally provided properties instance.
2021-01-04 09:05:28,525 [main] INFO  [org.quartz.impl.StdSchedulerFactory] StdSchedulerFactory.java:1366 - Quartz scheduler version: 2.3.1
2021-01-04 09:05:28,525 [main] INFO  [org.quartz.core.QuartzScheduler] QuartzScheduler.java:2293 - JobFactory set to: io.pandora.mall.job.factory.JobFactory@3b170235
2021-01-04 09:05:28,681 [main] INFO  [io.pandora.mall.redis.RedisConfig] RedisConfig.java:60 - ===> init Redis JedisPool succeed:[127.0.0.1:6379]
2021-01-04 09:05:30,557 [main] INFO  [org.elasticsearch.plugins.PluginsService] PluginsService.java:190 - no modules loaded
2021-01-04 09:05:30,557 [main] INFO  [org.elasticsearch.plugins.PluginsService] PluginsService.java:193 - loaded plugin [org.elasticsearch.index.reindex.ReindexPlugin]
2021-01-04 09:05:30,557 [main] INFO  [org.elasticsearch.plugins.PluginsService] PluginsService.java:193 - loaded plugin [org.elasticsearch.join.ParentJoinPlugin]
2021-01-04 09:05:30,557 [main] INFO  [org.elasticsearch.plugins.PluginsService] PluginsService.java:193 - loaded plugin [org.elasticsearch.percolator.PercolatorPlugin]
2021-01-04 09:05:30,557 [main] INFO  [org.elasticsearch.plugins.PluginsService] PluginsService.java:193 - loaded plugin [org.elasticsearch.script.mustache.MustachePlugin]
2021-01-04 09:05:30,557 [main] INFO  [org.elasticsearch.plugins.PluginsService] PluginsService.java:193 - loaded plugin [org.elasticsearch.transport.Netty4Plugin]
2021-01-04 09:05:33,495 [main] INFO  [o.s.d.e.client.TransportClientFactoryBean] TransportClientFactoryBean.java:88 - Adding transport node : 127.0.0.1:9300
2021-01-04 09:05:36,979 [main] ERROR [o.s.d.e.r.support.AbstractElasticsearchRepository] AbstractElasticsearchRepository.java:91 - failed to load elasticsearch nodes : org.elasticsearch.client.transport.NoNodeAvailableException: None of the configured nodes are available: [{#transport#-1}{RsyXQMXgTYeUovKWKBqDpQ}{localhost}{127.0.0.1:9300}]
2021-01-04 09:05:37,854 [main] INFO  [s.d.s.w.PropertySourcedRequestMappingHandlerMapping] PropertySourcedRequestMappingHandlerMapping.java:69 - Mapped URL path [/v2/api-docs] onto method [public org.springframework.http.ResponseEntity<springfox.documentation.spring.web.json.Json> springfox.documentation.swagger2.web.Swagger2Controller.getDocumentation(java.lang.String,javax.servlet.http.HttpServletRequest)]
2021-01-04 09:05:38,152 [main] INFO  [o.s.security.web.DefaultSecurityFilterChain] DefaultSecurityFilterChain.java:43 - Creating filter chain: Ant [pattern='/**/*.html', GET], []
2021-01-04 09:05:38,152 [main] INFO  [o.s.security.web.DefaultSecurityFilterChain] DefaultSecurityFilterChain.java:43 - Creating filter chain: Ant [pattern='/**/*.css', GET], []
2021-01-04 09:05:38,152 [main] INFO  [o.s.security.web.DefaultSecurityFilterChain] DefaultSecurityFilterChain.java:43 - Creating filter chain: Ant [pattern='/**/*.js', GET], []
2021-01-04 09:05:38,152 [main] INFO  [o.s.security.web.DefaultSecurityFilterChain] DefaultSecurityFilterChain.java:43 - Creating filter chain: Ant [pattern='/favicon.ico', GET], []
2021-01-04 09:05:38,246 [main] INFO  [o.s.security.web.DefaultSecurityFilterChain] DefaultSecurityFilterChain.java:43 - Creating filter chain: any request, [org.springframework.security.web.context.request.async.WebAsyncManagerIntegrationFilter@56976b8b, org.springframework.security.web.context.SecurityContextPersistenceFilter@6fad5ace, org.springframework.security.web.header.HeaderWriterFilter@3f6d36eb, org.springframework.web.filter.CorsFilter@51888019, org.springframework.security.web.authentication.logout.LogoutFilter@1a914a00, io.pandora.mall.module.security.filter.MyAuthenticationFilter@5a2ae1ab, io.pandora.mall.module.security.filter.MyLoginFiler@2bec068b, org.springframework.security.web.savedrequest.RequestCacheAwareFilter@578198d9, org.springframework.security.web.servletapi.SecurityContextHolderAwareRequestFilter@31b289da, org.springframework.security.web.authentication.AnonymousAuthenticationFilter@74844216, org.springframework.security.web.session.SessionManagementFilter@1fa58a48, org.springframework.security.web.access.ExceptionTranslationFilter@2e64ae1a, org.springframework.security.web.access.intercept.FilterSecurityInterceptor@19677add]
2021-01-04 09:05:38,387 [main] INFO  [o.s.a.rabbit.connection.CachingConnectionFactory] AbstractConnectionFactory.java:460 - Attempting to connect to: [localhost:5672]
2021-01-04 09:05:38,496 [main] INFO  [o.s.a.rabbit.connection.CachingConnectionFactory] AbstractConnectionFactory.java:496 - Created new connection: rabbitConnectionFactory#52bc6fcf:0/SimpleConnection@1aef7428 [delegate=amqp://guest@127.0.0.1:5672/, localPort= 60048]
2021-01-04 09:05:38,996 [main] INFO  [o.s.scheduling.concurrent.ThreadPoolTaskExecutor] ExecutorConfigurationSupport.java:171 - Initializing ExecutorService 'applicationTaskExecutor'
2021-01-04 09:05:39,262 [main] INFO  [org.dozer.config.GlobalSettings] GlobalSettings.java:113 - Trying to find Dozer configuration file: dozer.properties
2021-01-04 09:05:39,262 [main] WARN  [org.dozer.config.GlobalSettings] GlobalSettings.java:118 - Dozer configuration file not found: dozer.properties.  Using defaults for all Dozer global properties.
2021-01-04 09:05:39,262 [main] INFO  [org.dozer.DozerInitializer] DozerInitializer.java:75 - Initializing Dozer. Version: 5.5.0, Thread Name: main
2021-01-04 09:05:39,262 [main] INFO  [org.dozer.jmx.JMXPlatformImpl] JMXPlatformImpl.java:66 - Dozer JMX MBean [org.dozer.jmx:type=DozerStatisticsController] auto registered with the Platform MBean Server
2021-01-04 09:05:39,277 [main] INFO  [org.dozer.jmx.JMXPlatformImpl] JMXPlatformImpl.java:66 - Dozer JMX MBean [org.dozer.jmx:type=DozerAdminController] auto registered with the Platform MBean Server
2021-01-04 09:05:39,277 [main] INFO  [org.dozer.DozerBeanMapper] DozerBeanMapper.java:175 - Initializing a new instance of dozer bean mapper.
2021-01-04 09:05:41,246 [main] INFO  [s.d.s.web.plugins.DocumentationPluginsBootstrapper] DocumentationPluginsBootstrapper.java:147 - Context refreshed
2021-01-04 09:05:41,293 [main] INFO  [s.d.s.web.plugins.DocumentationPluginsBootstrapper] DocumentationPluginsBootstrapper.java:150 - Found 2 custom documentation plugin(s)
2021-01-04 09:05:41,371 [main] INFO  [s.d.spring.web.scanners.ApiListingReferenceScanner] ApiListingReferenceScanner.java:41 - Scanning for api listing references
2021-01-04 09:05:41,746 [main] INFO  [s.d.spring.web.scanners.ApiListingReferenceScanner] ApiListingReferenceScanner.java:41 - Scanning for api listing references
2021-01-04 09:05:41,746 [main] INFO  [s.d.s.w.r.operation.CachingOperationNameGenerator] CachingOperationNameGenerator.java:40 - Generating unique operation named: loginUsingPOST_1
2021-01-04 09:05:41,762 [main] INFO  [s.d.s.w.r.operation.CachingOperationNameGenerator] CachingOperationNameGenerator.java:40 - Generating unique operation named: verifyCodeUsingGET_1
2021-01-04 09:05:41,840 [main] INFO  [s.d.s.w.r.operation.CachingOperationNameGenerator] CachingOperationNameGenerator.java:40 - Generating unique operation named: updateUsingPOST_1
2021-01-04 09:05:41,840 [main] INFO  [s.d.s.w.r.operation.CachingOperationNameGenerator] CachingOperationNameGenerator.java:40 - Generating unique operation named: updateUsingPOST_2
2021-01-04 09:05:41,840 [main] INFO  [o.s.scheduling.quartz.SchedulerFactoryBean] SchedulerFactoryBean.java:726 - Starting Quartz Scheduler now
2021-01-04 09:05:41,840 [main] INFO  [org.quartz.core.QuartzScheduler] QuartzScheduler.java:547 - Scheduler schedulerFactoryBean_$_NON_CLUSTERED started.
2021-01-04 09:05:41,871 [main] INFO  [o.e.j.server.handler.ContextHandler.application] ContextHandler.java:2345 - Initializing Spring DispatcherServlet 'dispatcherServlet'
2021-01-04 09:05:41,871 [main] INFO  [org.springframework.web.servlet.DispatcherServlet] FrameworkServlet.java:524 - Initializing Servlet 'dispatcherServlet'
2021-01-04 09:05:41,887 [main] INFO  [org.springframework.web.servlet.DispatcherServlet] FrameworkServlet.java:546 - Completed initialization in 16 ms
2021-01-04 09:05:41,918 [main] INFO  [org.eclipse.jetty.server.AbstractConnector] AbstractConnector.java:292 - Started ServerConnector@519eab1e{HTTP/1.1,[http/1.1]}{0.0.0.0:9009}
2021-01-04 09:05:41,918 [main] INFO  [o.s.boot.web.embedded.jetty.JettyWebServer] JettyWebServer.java:159 - Jetty started on port(s) 9009 (http/1.1) with context path '/'
2021-01-04 09:05:41,918 [main] INFO  [io.pandora.mall.PandoraApplication] StartupInfoLogger.java:59 - Started PandoraApplication in 23.91 seconds (JVM running for 26.259)
2021-01-04 09:05:42,106 [main] INFO  [io.pandora.mall.job.service.SystemTaskServiceImpl] SystemTaskServiceImpl.java:116 - [定时任务] 初始化定时任务条数:1
2021-01-04 09:05:42,106 [main] INFO  [io.pandora.mall.PandoraApplication] PandoraApplication.java:29 - run at http://127.0.0.1:9009/doc.html
2021-01-04 09:13:11,226 [main] INFO  [io.pandora.mall.PandoraApplication] StartupInfoLogger.java:50 - Starting PandoraApplication on DESKTOP-PSDTEL6 with PID 16536 (D:\pandora-mall\pandora-admin\target\classes started by WIN10 in D:\pandora-mall)
2021-01-04 09:13:11,226 [main] INFO  [io.pandora.mall.PandoraApplication] SpringApplication.java:679 - The following profiles are active: dev
2021-01-04 09:13:14,148 [main] WARN  [org.mybatis.spring.mapper.ClassPathMapperScanner] Logger.java:44 - No MyBatis mapper was found in '[io.pandora.mall.redis, io.pandora.mall]' package. Please check your configuration.
2021-01-04 09:13:14,273 [main] INFO  [o.s.d.r.config.RepositoryConfigurationDelegate] RepositoryConfigurationDelegate.java:244 - Multiple Spring Data modules found, entering strict repository configuration mode!
2021-01-04 09:13:14,273 [main] INFO  [o.s.d.r.config.RepositoryConfigurationDelegate] RepositoryConfigurationDelegate.java:126 - Bootstrapping Spring Data repositories in DEFAULT mode.
2021-01-04 09:13:14,555 [main] INFO  [o.s.d.r.config.RepositoryConfigurationDelegate] RepositoryConfigurationDelegate.java:182 - Finished Spring Data repository scanning in 266ms. Found 1 repository interfaces.
2021-01-04 09:13:14,570 [main] INFO  [o.s.d.r.config.RepositoryConfigurationDelegate] RepositoryConfigurationDelegate.java:244 - Multiple Spring Data modules found, entering strict repository configuration mode!
2021-01-04 09:13:14,586 [main] INFO  [o.s.d.r.config.RepositoryConfigurationDelegate] RepositoryConfigurationDelegate.java:126 - Bootstrapping Spring Data repositories in DEFAULT mode.
2021-01-04 09:13:14,664 [main] INFO  [o.s.d.r.c.RepositoryConfigurationExtensionSupport] RepositoryConfigurationExtensionSupport.java:363 - Spring Data Redis - Could not safely identify store assignment for repository candidate interface io.pandora.mall.search.dao.TestDao.
2021-01-04 09:13:14,664 [main] INFO  [o.s.d.r.config.RepositoryConfigurationDelegate] RepositoryConfigurationDelegate.java:182 - Finished Spring Data repository scanning in 62ms. Found 0 repository interfaces.
2021-01-04 09:13:15,430 [main] INFO  [o.s.c.s.PostProcessorRegistrationDelegate$BeanPostProcessorChecker] PostProcessorRegistrationDelegate.java:330 - Bean 'asyncTaskProperties' of type [io.pandora.mall.config.thread.AsyncTaskProperties] is not eligible for getting processed by all BeanPostProcessors (for example: not eligible for auto-proxying)
2021-01-04 09:13:15,430 [main] INFO  [o.s.c.s.PostProcessorRegistrationDelegate$BeanPostProcessorChecker] PostProcessorRegistrationDelegate.java:330 - Bean 'asyncTaskExecutePool' of type [io.pandora.mall.config.thread.AsyncTaskExecutePool$$EnhancerBySpringCGLIB$$8a2860d9] is not eligible for getting processed by all BeanPostProcessors (for example: not eligible for auto-proxying)
2021-01-04 09:13:16,039 [main] INFO  [o.s.c.s.PostProcessorRegistrationDelegate$BeanPostProcessorChecker] PostProcessorRegistrationDelegate.java:330 - Bean 'org.springframework.security.config.annotation.configuration.ObjectPostProcessorConfiguration' of type [org.springframework.security.config.annotation.configuration.ObjectPostProcessorConfiguration$$EnhancerBySpringCGLIB$$9a26aaab] is not eligible for getting processed by all BeanPostProcessors (for example: not eligible for auto-proxying)
2021-01-04 09:13:16,055 [main] INFO  [o.s.c.s.PostProcessorRegistrationDelegate$BeanPostProcessorChecker] PostProcessorRegistrationDelegate.java:330 - Bean 'objectPostProcessor' of type [org.springframework.security.config.annotation.configuration.AutowireBeanFactoryObjectPostProcessor] is not eligible for getting processed by all BeanPostProcessors (for example: not eligible for auto-proxying)
2021-01-04 09:13:16,055 [main] INFO  [o.s.c.s.PostProcessorRegistrationDelegate$BeanPostProcessorChecker] PostProcessorRegistrationDelegate.java:330 - Bean 'org.springframework.security.access.expression.method.DefaultMethodSecurityExpressionHandler@1682c08c' of type [org.springframework.security.access.expression.method.DefaultMethodSecurityExpressionHandler] is not eligible for getting processed by all BeanPostProcessors (for example: not eligible for auto-proxying)
2021-01-04 09:13:16,055 [main] INFO  [o.s.c.s.PostProcessorRegistrationDelegate$BeanPostProcessorChecker] PostProcessorRegistrationDelegate.java:330 - Bean 'org.springframework.security.config.annotation.method.configuration.GlobalMethodSecurityConfiguration' of type [org.springframework.security.config.annotation.method.configuration.GlobalMethodSecurityConfiguration$$EnhancerBySpringCGLIB$$befb4d5d] is not eligible for getting processed by all BeanPostProcessors (for example: not eligible for auto-proxying)
2021-01-04 09:13:16,086 [main] INFO  [o.s.c.s.PostProcessorRegistrationDelegate$BeanPostProcessorChecker] PostProcessorRegistrationDelegate.java:330 - Bean 'methodSecurityMetadataSource' of type [org.springframework.security.access.method.DelegatingMethodSecurityMetadataSource] is not eligible for getting processed by all BeanPostProcessors (for example: not eligible for auto-proxying)
2021-01-04 09:13:16,117 [main] INFO  [o.s.c.s.PostProcessorRegistrationDelegate$BeanPostProcessorChecker] PostProcessorRegistrationDelegate.java:330 - Bean 'org.springframework.transaction.annotation.ProxyTransactionManagementConfiguration' of type [org.springframework.transaction.annotation.ProxyTransactionManagementConfiguration$$EnhancerBySpringCGLIB$$178e271] is not eligible for getting processed by all BeanPostProcessors (for example: not eligible for auto-proxying)
2021-01-04 09:13:16,946 [main] INFO  [o.s.boot.web.embedded.tomcat.TomcatWebServer] TomcatWebServer.java:90 - Tomcat initialized with port(s): 9009 (http)
2021-01-04 09:13:16,977 [main] INFO  [org.apache.coyote.http11.Http11NioProtocol] DirectJDKLog.java:173 - Initializing ProtocolHandler ["http-nio-9009"]
2021-01-04 09:13:16,992 [main] INFO  [org.apache.catalina.core.StandardService] DirectJDKLog.java:173 - Starting service [Tomcat]
2021-01-04 09:13:16,992 [main] INFO  [org.apache.catalina.core.StandardEngine] DirectJDKLog.java:173 - Starting Servlet engine: [Apache Tomcat/9.0.17]
2021-01-04 09:13:17,461 [main] INFO  [o.a.c.core.ContainerBase.[Tomcat].[localhost].[/]] DirectJDKLog.java:173 - Initializing Spring embedded WebApplicationContext
2021-01-04 09:13:17,461 [main] INFO  [org.springframework.web.context.ContextLoader] ServletWebServerApplicationContext.java:296 - Root WebApplicationContext: initialization completed in 6125 ms
2021-01-04 09:13:17,946 [main] INFO  [c.a.d.s.b.a.DruidDataSourceAutoConfigure] DruidDataSourceAutoConfigure.java:56 - Init DruidDataSource
2021-01-04 09:13:18,430 [main] INFO  [com.alibaba.druid.pool.DruidDataSource] DruidDataSource.java:928 - {dataSource-1} inited
2021-01-04 09:13:19,555 [main] WARN  [c.b.mybatisplus.core.metadata.TableInfoHelper] TableInfoHelper.java:282 - Warn: Could not find @TableId in Class: java.security.Permission.
2021-01-04 09:13:20,477 [main] INFO  [o.s.boot.web.servlet.RegistrationBean] RegistrationBean.java:50 - Filter myAuthenticationFilter was not registered (disabled)
2021-01-04 09:13:20,477 [main] INFO  [o.s.boot.web.servlet.RegistrationBean] RegistrationBean.java:50 - Filter myLoginFiler was not registered (disabled)
2021-01-04 09:13:20,962 [main] INFO  [org.quartz.impl.StdSchedulerFactory] StdSchedulerFactory.java:1208 - Using default implementation for ThreadExecutor
2021-01-04 09:13:20,977 [main] INFO  [org.quartz.core.SchedulerSignalerImpl] SchedulerSignalerImpl.java:61 - Initialized Scheduler Signaller of type: class org.quartz.core.SchedulerSignalerImpl
2021-01-04 09:13:20,977 [main] INFO  [org.quartz.core.QuartzScheduler] QuartzScheduler.java:229 - Quartz Scheduler v.2.3.1 created.
2021-01-04 09:13:20,977 [main] INFO  [org.quartz.simpl.RAMJobStore] RAMJobStore.java:155 - RAMJobStore initialized.
2021-01-04 09:13:20,977 [main] INFO  [org.quartz.core.QuartzScheduler] QuartzScheduler.java:294 - Scheduler meta-data: Quartz Scheduler (v2.3.1) 'schedulerFactoryBean' with instanceId 'NON_CLUSTERED'
  Scheduler class: 'org.quartz.core.QuartzScheduler' - running locally.
  NOT STARTED.
  Currently in standby mode.
  Number of jobs executed: 0
  Using thread pool 'org.quartz.simpl.SimpleThreadPool' - with 10 threads.
  Using job-store 'org.quartz.simpl.RAMJobStore' - which does not support persistence. and is not clustered.

2021-01-04 09:13:20,977 [main] INFO  [org.quartz.impl.StdSchedulerFactory] StdSchedulerFactory.java:1362 - Quartz scheduler 'schedulerFactoryBean' initialized from an externally provided properties instance.
2021-01-04 09:13:20,977 [main] INFO  [org.quartz.impl.StdSchedulerFactory] StdSchedulerFactory.java:1366 - Quartz scheduler version: 2.3.1
2021-01-04 09:13:20,977 [main] INFO  [org.quartz.core.QuartzScheduler] QuartzScheduler.java:2293 - JobFactory set to: io.pandora.mall.job.factory.JobFactory@24197b13
2021-01-04 09:13:21,134 [main] INFO  [io.pandora.mall.redis.RedisConfig] RedisConfig.java:60 - ===> init Redis JedisPool succeed:[127.0.0.1:6379]
2021-01-04 09:13:22,978 [main] INFO  [org.elasticsearch.plugins.PluginsService] PluginsService.java:190 - no modules loaded
2021-01-04 09:13:22,978 [main] INFO  [org.elasticsearch.plugins.PluginsService] PluginsService.java:193 - loaded plugin [org.elasticsearch.index.reindex.ReindexPlugin]
2021-01-04 09:13:22,978 [main] INFO  [org.elasticsearch.plugins.PluginsService] PluginsService.java:193 - loaded plugin [org.elasticsearch.join.ParentJoinPlugin]
2021-01-04 09:13:22,978 [main] INFO  [org.elasticsearch.plugins.PluginsService] PluginsService.java:193 - loaded plugin [org.elasticsearch.percolator.PercolatorPlugin]
2021-01-04 09:13:22,978 [main] INFO  [org.elasticsearch.plugins.PluginsService] PluginsService.java:193 - loaded plugin [org.elasticsearch.script.mustache.MustachePlugin]
2021-01-04 09:13:22,978 [main] INFO  [org.elasticsearch.plugins.PluginsService] PluginsService.java:193 - loaded plugin [org.elasticsearch.transport.Netty4Plugin]
2021-01-04 09:13:25,462 [main] INFO  [o.s.d.e.client.TransportClientFactoryBean] TransportClientFactoryBean.java:88 - Adding transport node : 127.0.0.1:9300
2021-01-04 09:13:28,872 [main] ERROR [o.s.d.e.r.support.AbstractElasticsearchRepository] AbstractElasticsearchRepository.java:91 - failed to load elasticsearch nodes : org.elasticsearch.client.transport.NoNodeAvailableException: None of the configured nodes are available: [{#transport#-1}{t_OXfU9ZRFe98xe0ymuX3Q}{localhost}{127.0.0.1:9300}]
2021-01-04 09:13:29,732 [main] WARN  [o.s.b.w.s.c.AnnotationConfigServletWebServerApplicationContext] AbstractApplicationContext.java:557 - Exception encountered during context initialization - cancelling refresh attempt: org.springframework.beans.factory.BeanCreationException: Error creating bean with name 'serverEndpointExporter' defined in class path resource [io/pandora/mall/config/websocket/WebSocketConfig.class]: Invocation of init method failed; nested exception is java.lang.IllegalStateException: javax.websocket.server.ServerContainer not available
2021-01-04 09:13:30,763 [main] INFO  [org.quartz.core.QuartzScheduler] QuartzScheduler.java:666 - Scheduler schedulerFactoryBean_$_NON_CLUSTERED shutting down.
2021-01-04 09:13:30,763 [main] INFO  [org.quartz.core.QuartzScheduler] QuartzScheduler.java:585 - Scheduler schedulerFactoryBean_$_NON_CLUSTERED paused.
2021-01-04 09:13:30,763 [main] INFO  [org.quartz.core.QuartzScheduler] QuartzScheduler.java:740 - Scheduler schedulerFactoryBean_$_NON_CLUSTERED shutdown complete.
2021-01-04 09:13:30,763 [main] INFO  [o.s.scheduling.quartz.SchedulerFactoryBean] SchedulerFactoryBean.java:844 - Shutting down Quartz Scheduler
2021-01-04 09:13:30,763 [main] INFO  [com.alibaba.druid.pool.DruidDataSource] DruidDataSource.java:1823 - {dataSource-1} closed
2021-01-04 09:13:30,779 [main] INFO  [org.apache.catalina.core.StandardService] DirectJDKLog.java:173 - Stopping service [Tomcat]
2021-01-04 09:13:30,779 [main] WARN  [org.apache.catalina.loader.WebappClassLoaderBase] DirectJDKLog.java:173 - The web application [ROOT] appears to have started a thread named [ForkJoinPool.commonPool-worker-9] but has failed to stop it. This is very likely to create a memory leak. Stack trace of thread:
 sun.misc.Unsafe.park(Native Method)
 java.util.concurrent.ForkJoinPool.awaitWork(ForkJoinPool.java:1824)
 java.util.concurrent.ForkJoinPool.runWorker(ForkJoinPool.java:1693)
 java.util.concurrent.ForkJoinWorkerThread.run(ForkJoinWorkerThread.java:157)
2021-01-04 09:13:30,779 [main] WARN  [org.apache.catalina.loader.WebappClassLoaderBase] DirectJDKLog.java:173 - The web application [ROOT] appears to have started a thread named [ForkJoinPool.commonPool-worker-11] but has failed to stop it. This is very likely to create a memory leak. Stack trace of thread:
 sun.misc.Unsafe.park(Native Method)
 java.util.concurrent.ForkJoinPool.awaitWork(ForkJoinPool.java:1824)
 java.util.concurrent.ForkJoinPool.runWorker(ForkJoinPool.java:1693)
 java.util.concurrent.ForkJoinWorkerThread.run(ForkJoinWorkerThread.java:157)
2021-01-04 09:13:30,779 [main] WARN  [org.apache.catalina.loader.WebappClassLoaderBase] DirectJDKLog.java:173 - The web application [ROOT] appears to have started a thread named [ForkJoinPool.commonPool-worker-4] but has failed to stop it. This is very likely to create a memory leak. Stack trace of thread:
 sun.misc.Unsafe.park(Native Method)
 java.util.concurrent.ForkJoinPool.awaitWork(ForkJoinPool.java:1824)
 java.util.concurrent.ForkJoinPool.runWorker(ForkJoinPool.java:1693)
 java.util.concurrent.ForkJoinWorkerThread.run(ForkJoinWorkerThread.java:157)
2021-01-04 09:13:30,779 [main] WARN  [org.apache.catalina.loader.WebappClassLoaderBase] DirectJDKLog.java:173 - The web application [ROOT] appears to have started a thread named [ForkJoinPool.commonPool-worker-13] but has failed to stop it. This is very likely to create a memory leak. Stack trace of thread:
 sun.misc.Unsafe.park(Native Method)
 java.util.concurrent.ForkJoinPool.awaitWork(ForkJoinPool.java:1824)
 java.util.concurrent.ForkJoinPool.runWorker(ForkJoinPool.java:1693)
 java.util.concurrent.ForkJoinWorkerThread.run(ForkJoinWorkerThread.java:157)
2021-01-04 09:13:30,779 [main] WARN  [org.apache.catalina.loader.WebappClassLoaderBase] DirectJDKLog.java:173 - The web application [ROOT] appears to have started a thread named [ForkJoinPool.commonPool-worker-6] but has failed to stop it. This is very likely to create a memory leak. Stack trace of thread:
 sun.misc.Unsafe.park(Native Method)
 java.util.concurrent.ForkJoinPool.awaitWork(ForkJoinPool.java:1824)
 java.util.concurrent.ForkJoinPool.runWorker(ForkJoinPool.java:1693)
 java.util.concurrent.ForkJoinWorkerThread.run(ForkJoinWorkerThread.java:157)
2021-01-04 09:13:30,779 [main] WARN  [org.apache.catalina.loader.WebappClassLoaderBase] DirectJDKLog.java:173 - The web application [ROOT] appears to have started a thread named [ForkJoinPool.commonPool-worker-15] but has failed to stop it. This is very likely to create a memory leak. Stack trace of thread:
 sun.misc.Unsafe.park(Native Method)
 java.util.concurrent.ForkJoinPool.awaitWork(ForkJoinPool.java:1824)
 java.util.concurrent.ForkJoinPool.runWorker(ForkJoinPool.java:1693)
 java.util.concurrent.ForkJoinWorkerThread.run(ForkJoinWorkerThread.java:157)
2021-01-04 09:13:30,779 [main] WARN  [org.apache.catalina.loader.WebappClassLoaderBase] DirectJDKLog.java:173 - The web application [ROOT] appears to have started a thread named [ForkJoinPool.commonPool-worker-8] but has failed to stop it. This is very likely to create a memory leak. Stack trace of thread:
 sun.misc.Unsafe.park(Native Method)
 java.util.concurrent.ForkJoinPool.awaitWork(ForkJoinPool.java:1824)
 java.util.concurrent.ForkJoinPool.runWorker(ForkJoinPool.java:1693)
 java.util.concurrent.ForkJoinWorkerThread.run(ForkJoinWorkerThread.java:157)
2021-01-04 09:13:30,794 [main] WARN  [org.apache.catalina.loader.WebappClassLoaderBase] DirectJDKLog.java:173 - The web application [ROOT] appears to have started a thread named [ForkJoinPool.commonPool-worker-1] but has failed to stop it. This is very likely to create a memory leak. Stack trace of thread:
 sun.misc.Unsafe.park(Native Method)
 java.util.concurrent.ForkJoinPool.awaitWork(ForkJoinPool.java:1824)
 java.util.concurrent.ForkJoinPool.runWorker(ForkJoinPool.java:1693)
 java.util.concurrent.ForkJoinWorkerThread.run(ForkJoinWorkerThread.java:157)
2021-01-04 09:13:30,794 [main] WARN  [org.apache.catalina.loader.WebappClassLoaderBase] DirectJDKLog.java:173 - The web application [ROOT] appears to have started a thread named [ForkJoinPool.commonPool-worker-10] but has failed to stop it. This is very likely to create a memory leak. Stack trace of thread:
 sun.misc.Unsafe.park(Native Method)
 java.util.concurrent.ForkJoinPool.awaitWork(ForkJoinPool.java:1824)
 java.util.concurrent.ForkJoinPool.runWorker(ForkJoinPool.java:1693)
 java.util.concurrent.ForkJoinWorkerThread.run(ForkJoinWorkerThread.java:157)
2021-01-04 09:13:30,794 [main] WARN  [org.apache.catalina.loader.WebappClassLoaderBase] DirectJDKLog.java:173 - The web application [ROOT] appears to have started a thread named [ForkJoinPool.commonPool-worker-3] but has failed to stop it. This is very likely to create a memory leak. Stack trace of thread:
 sun.misc.Unsafe.park(Native Method)
 java.util.concurrent.ForkJoinPool.awaitWork(ForkJoinPool.java:1824)
 java.util.concurrent.ForkJoinPool.runWorker(ForkJoinPool.java:1693)
 java.util.concurrent.ForkJoinWorkerThread.run(ForkJoinWorkerThread.java:157)
2021-01-04 09:13:30,794 [main] WARN  [org.apache.catalina.loader.WebappClassLoaderBase] DirectJDKLog.java:173 - The web application [ROOT] appears to have started a thread named [ForkJoinPool.commonPool-worker-12] but has failed to stop it. This is very likely to create a memory leak. Stack trace of thread:
 sun.misc.Unsafe.park(Native Method)
 java.util.concurrent.ForkJoinPool.awaitWork(ForkJoinPool.java:1824)
 java.util.concurrent.ForkJoinPool.runWorker(ForkJoinPool.java:1693)
 java.util.concurrent.ForkJoinWorkerThread.run(ForkJoinWorkerThread.java:157)
2021-01-04 09:13:30,810 [main] INFO  [o.s.b.a.l.ConditionEvaluationReportLoggingListener] ConditionEvaluationReportLoggingListener.java:142 - 

Error starting ApplicationContext. To display the conditions report re-run your application with 'debug' enabled.
2021-01-04 09:13:30,826 [main] ERROR [org.springframework.boot.SpringApplication] SpringApplication.java:858 - Application run failed
org.springframework.beans.factory.BeanCreationException: Error creating bean with name 'serverEndpointExporter' defined in class path resource [io/pandora/mall/config/websocket/WebSocketConfig.class]: Invocation of init method failed; nested exception is java.lang.IllegalStateException: javax.websocket.server.ServerContainer not available
	at org.springframework.beans.factory.support.AbstractAutowireCapableBeanFactory.initializeBean(AbstractAutowireCapableBeanFactory.java:1778)
	at org.springframework.beans.factory.support.AbstractAutowireCapableBeanFactory.doCreateBean(AbstractAutowireCapableBeanFactory.java:593)
	at org.springframework.beans.factory.support.AbstractAutowireCapableBeanFactory.createBean(AbstractAutowireCapableBeanFactory.java:515)
	at org.springframework.beans.factory.support.AbstractBeanFactory.lambda$doGetBean$0(AbstractBeanFactory.java:320)
	at org.springframework.beans.factory.support.DefaultSingletonBeanRegistry.getSingleton(DefaultSingletonBeanRegistry.java:222)
	at org.springframework.beans.factory.support.AbstractBeanFactory.doGetBean(AbstractBeanFactory.java:318)
	at org.springframework.beans.factory.support.AbstractBeanFactory.getBean(AbstractBeanFactory.java:199)
	at org.springframework.beans.factory.support.DefaultListableBeanFactory.preInstantiateSingletons(DefaultListableBeanFactory.java:849)
	at org.springframework.context.support.AbstractApplicationContext.finishBeanFactoryInitialization(AbstractApplicationContext.java:877)
	at org.springframework.context.support.AbstractApplicationContext.refresh(AbstractApplicationContext.java:549)
	at org.springframework.boot.web.servlet.context.ServletWebServerApplicationContext.refresh(ServletWebServerApplicationContext.java:142)
	at org.springframework.boot.SpringApplication.refresh(SpringApplication.java:775)
	at org.springframework.boot.SpringApplication.refreshContext(SpringApplication.java:397)
	at org.springframework.boot.SpringApplication.run(SpringApplication.java:316)
	at org.springframework.boot.SpringApplication.run(SpringApplication.java:1260)
	at org.springframework.boot.SpringApplication.run(SpringApplication.java:1248)
	at io.pandora.mall.PandoraApplication.main(PandoraApplication.java:21)
Caused by: java.lang.IllegalStateException: javax.websocket.server.ServerContainer not available
	at org.springframework.util.Assert.state(Assert.java:73)
	at org.springframework.web.socket.server.standard.ServerEndpointExporter.afterPropertiesSet(ServerEndpointExporter.java:106)
	at org.springframework.beans.factory.support.AbstractAutowireCapableBeanFactory.invokeInitMethods(AbstractAutowireCapableBeanFactory.java:1837)
	at org.springframework.beans.factory.support.AbstractAutowireCapableBeanFactory.initializeBean(AbstractAutowireCapableBeanFactory.java:1774)
	... 16 common frames omitted
2021-01-04 16:07:29,018 [main] INFO  [io.pandora.mall.PandoraApplication] StartupInfoLogger.java:50 - Starting PandoraApplication on DESKTOP-PSDTEL6 with PID 7476 (D:\pandora-mall\pandora-admin\target\classes started by WIN10 in D:\pandora-mall)
2021-01-04 16:07:29,023 [main] INFO  [io.pandora.mall.PandoraApplication] SpringApplication.java:679 - The following profiles are active: dev
2021-01-04 16:07:31,798 [main] WARN  [org.mybatis.spring.mapper.ClassPathMapperScanner] Logger.java:44 - No MyBatis mapper was found in '[io.pandora.mall.redis, io.pandora.mall]' package. Please check your configuration.
2021-01-04 16:07:31,918 [main] INFO  [o.s.d.r.config.RepositoryConfigurationDelegate] RepositoryConfigurationDelegate.java:244 - Multiple Spring Data modules found, entering strict repository configuration mode!
2021-01-04 16:07:31,923 [main] INFO  [o.s.d.r.config.RepositoryConfigurationDelegate] RepositoryConfigurationDelegate.java:126 - Bootstrapping Spring Data repositories in DEFAULT mode.
2021-01-04 16:07:32,223 [main] INFO  [o.s.d.r.config.RepositoryConfigurationDelegate] RepositoryConfigurationDelegate.java:182 - Finished Spring Data repository scanning in 290ms. Found 1 repository interfaces.
2021-01-04 16:07:32,250 [main] INFO  [o.s.d.r.config.RepositoryConfigurationDelegate] RepositoryConfigurationDelegate.java:244 - Multiple Spring Data modules found, entering strict repository configuration mode!
2021-01-04 16:07:32,253 [main] INFO  [o.s.d.r.config.RepositoryConfigurationDelegate] RepositoryConfigurationDelegate.java:126 - Bootstrapping Spring Data repositories in DEFAULT mode.
2021-01-04 16:07:32,354 [main] INFO  [o.s.d.r.c.RepositoryConfigurationExtensionSupport] RepositoryConfigurationExtensionSupport.java:363 - Spring Data Redis - Could not safely identify store assignment for repository candidate interface io.pandora.mall.search.dao.TestDao.
2021-01-04 16:07:32,355 [main] INFO  [o.s.d.r.config.RepositoryConfigurationDelegate] RepositoryConfigurationDelegate.java:182 - Finished Spring Data repository scanning in 80ms. Found 0 repository interfaces.
2021-01-04 16:07:33,128 [main] INFO  [o.s.c.s.PostProcessorRegistrationDelegate$BeanPostProcessorChecker] PostProcessorRegistrationDelegate.java:330 - Bean 'asyncTaskProperties' of type [io.pandora.mall.config.thread.AsyncTaskProperties] is not eligible for getting processed by all BeanPostProcessors (for example: not eligible for auto-proxying)
2021-01-04 16:07:33,130 [main] INFO  [o.s.c.s.PostProcessorRegistrationDelegate$BeanPostProcessorChecker] PostProcessorRegistrationDelegate.java:330 - Bean 'asyncTaskExecutePool' of type [io.pandora.mall.config.thread.AsyncTaskExecutePool$$EnhancerBySpringCGLIB$$63a4fd19] is not eligible for getting processed by all BeanPostProcessors (for example: not eligible for auto-proxying)
2021-01-04 16:07:33,737 [main] INFO  [o.s.c.s.PostProcessorRegistrationDelegate$BeanPostProcessorChecker] PostProcessorRegistrationDelegate.java:330 - Bean 'org.springframework.security.config.annotation.configuration.ObjectPostProcessorConfiguration' of type [org.springframework.security.config.annotation.configuration.ObjectPostProcessorConfiguration$$EnhancerBySpringCGLIB$$73a346eb] is not eligible for getting processed by all BeanPostProcessors (for example: not eligible for auto-proxying)
2021-01-04 16:07:33,749 [main] INFO  [o.s.c.s.PostProcessorRegistrationDelegate$BeanPostProcessorChecker] PostProcessorRegistrationDelegate.java:330 - Bean 'objectPostProcessor' of type [org.springframework.security.config.annotation.configuration.AutowireBeanFactoryObjectPostProcessor] is not eligible for getting processed by all BeanPostProcessors (for example: not eligible for auto-proxying)
2021-01-04 16:07:33,756 [main] INFO  [o.s.c.s.PostProcessorRegistrationDelegate$BeanPostProcessorChecker] PostProcessorRegistrationDelegate.java:330 - Bean 'org.springframework.security.access.expression.method.DefaultMethodSecurityExpressionHandler@267cde2e' of type [org.springframework.security.access.expression.method.DefaultMethodSecurityExpressionHandler] is not eligible for getting processed by all BeanPostProcessors (for example: not eligible for auto-proxying)
2021-01-04 16:07:33,758 [main] INFO  [o.s.c.s.PostProcessorRegistrationDelegate$BeanPostProcessorChecker] PostProcessorRegistrationDelegate.java:330 - Bean 'org.springframework.security.config.annotation.method.configuration.GlobalMethodSecurityConfiguration' of type [org.springframework.security.config.annotation.method.configuration.GlobalMethodSecurityConfiguration$$EnhancerBySpringCGLIB$$9877e99d] is not eligible for getting processed by all BeanPostProcessors (for example: not eligible for auto-proxying)
2021-01-04 16:07:33,776 [main] INFO  [o.s.c.s.PostProcessorRegistrationDelegate$BeanPostProcessorChecker] PostProcessorRegistrationDelegate.java:330 - Bean 'methodSecurityMetadataSource' of type [org.springframework.security.access.method.DelegatingMethodSecurityMetadataSource] is not eligible for getting processed by all BeanPostProcessors (for example: not eligible for auto-proxying)
2021-01-04 16:07:33,813 [main] INFO  [o.s.c.s.PostProcessorRegistrationDelegate$BeanPostProcessorChecker] PostProcessorRegistrationDelegate.java:330 - Bean 'org.springframework.transaction.annotation.ProxyTransactionManagementConfiguration' of type [org.springframework.transaction.annotation.ProxyTransactionManagementConfiguration$$EnhancerBySpringCGLIB$$daf57eb1] is not eligible for getting processed by all BeanPostProcessors (for example: not eligible for auto-proxying)
2021-01-04 16:07:34,201 [main] INFO  [org.eclipse.jetty.util.log] Log.java:193 - Logging initialized @8477ms to org.eclipse.jetty.util.log.Slf4jLog
2021-01-04 16:07:34,413 [main] INFO  [o.s.b.w.e.jetty.JettyServletWebServerFactory] JettyServletWebServerFactory.java:143 - Server initialized with port: 9009
2021-01-04 16:07:34,416 [main] INFO  [org.eclipse.jetty.server.Server] Server.java:370 - jetty-9.4.15.v20190215; built: 2019-02-15T16:53:49.381Z; git: eb70b240169fcf1abbd86af36482d1c49826fa0b; jvm 1.8.0_121-b13
2021-01-04 16:07:34,455 [main] INFO  [o.e.j.server.handler.ContextHandler.application] ContextHandler.java:2345 - Initializing Spring embedded WebApplicationContext
2021-01-04 16:07:34,456 [main] INFO  [org.springframework.web.context.ContextLoader] ServletWebServerApplicationContext.java:296 - Root WebApplicationContext: initialization completed in 5373 ms
2021-01-04 16:07:34,930 [main] INFO  [c.a.d.s.b.a.DruidDataSourceAutoConfigure] DruidDataSourceAutoConfigure.java:56 - Init DruidDataSource
2021-01-04 16:07:35,391 [main] INFO  [com.alibaba.druid.pool.DruidDataSource] DruidDataSource.java:928 - {dataSource-1} inited
2021-01-04 16:07:36,566 [main] WARN  [c.b.mybatisplus.core.metadata.TableInfoHelper] TableInfoHelper.java:282 - Warn: Could not find @TableId in Class: java.security.Permission.
2021-01-04 16:07:37,591 [main] INFO  [o.s.boot.web.servlet.RegistrationBean] RegistrationBean.java:50 - Filter myAuthenticationFilter was not registered (disabled)
2021-01-04 16:07:37,592 [main] INFO  [o.s.boot.web.servlet.RegistrationBean] RegistrationBean.java:50 - Filter myLoginFiler was not registered (disabled)
2021-01-04 16:07:37,688 [main] INFO  [org.eclipse.jetty.server.session] DefaultSessionIdManager.java:365 - DefaultSessionIdManager workerName=node0
2021-01-04 16:07:37,689 [main] INFO  [org.eclipse.jetty.server.session] DefaultSessionIdManager.java:370 - No SessionScavenger set, using defaults
2021-01-04 16:07:37,691 [main] INFO  [org.eclipse.jetty.server.session] HouseKeeper.java:149 - node0 Scavenging every 600000ms
2021-01-04 16:07:37,701 [main] INFO  [org.eclipse.jetty.server.handler.ContextHandler] ContextHandler.java:855 - Started o.s.b.w.e.j.JettyEmbeddedWebAppContext@7ec3a8bd{application,/,[file:///C:/Users/WIN10/AppData/Local/Temp/jetty-docbase.2587510333586835007.9009/, jar:file:/C:/Users/WIN10/.m2/repository/io/springfox/springfox-swagger-ui/2.6.1/springfox-swagger-ui-2.6.1.jar!/META-INF/resources, jar:file:/C:/Users/WIN10/.m2/repository/com/github/xiaoymin/swagger-bootstrap-ui/1.9.6/swagger-bootstrap-ui-1.9.6.jar!/META-INF/resources],AVAILABLE}
2021-01-04 16:07:37,703 [main] INFO  [org.eclipse.jetty.server.Server] Server.java:407 - Started @11979ms
2021-01-04 16:07:38,158 [main] INFO  [org.quartz.impl.StdSchedulerFactory] StdSchedulerFactory.java:1208 - Using default implementation for ThreadExecutor
2021-01-04 16:07:38,183 [main] INFO  [org.quartz.core.SchedulerSignalerImpl] SchedulerSignalerImpl.java:61 - Initialized Scheduler Signaller of type: class org.quartz.core.SchedulerSignalerImpl
2021-01-04 16:07:38,183 [main] INFO  [org.quartz.core.QuartzScheduler] QuartzScheduler.java:229 - Quartz Scheduler v.2.3.1 created.
2021-01-04 16:07:38,185 [main] INFO  [org.quartz.simpl.RAMJobStore] RAMJobStore.java:155 - RAMJobStore initialized.
2021-01-04 16:07:38,187 [main] INFO  [org.quartz.core.QuartzScheduler] QuartzScheduler.java:294 - Scheduler meta-data: Quartz Scheduler (v2.3.1) 'schedulerFactoryBean' with instanceId 'NON_CLUSTERED'
  Scheduler class: 'org.quartz.core.QuartzScheduler' - running locally.
  NOT STARTED.
  Currently in standby mode.
  Number of jobs executed: 0
  Using thread pool 'org.quartz.simpl.SimpleThreadPool' - with 10 threads.
  Using job-store 'org.quartz.simpl.RAMJobStore' - which does not support persistence. and is not clustered.

2021-01-04 16:07:38,187 [main] INFO  [org.quartz.impl.StdSchedulerFactory] StdSchedulerFactory.java:1362 - Quartz scheduler 'schedulerFactoryBean' initialized from an externally provided properties instance.
2021-01-04 16:07:38,188 [main] INFO  [org.quartz.impl.StdSchedulerFactory] StdSchedulerFactory.java:1366 - Quartz scheduler version: 2.3.1
2021-01-04 16:07:38,189 [main] INFO  [org.quartz.core.QuartzScheduler] QuartzScheduler.java:2293 - JobFactory set to: io.pandora.mall.job.factory.JobFactory@29bd85db
2021-01-04 16:07:38,348 [main] INFO  [io.pandora.mall.redis.RedisConfig] RedisConfig.java:60 - ===> init Redis JedisPool succeed:[127.0.0.1:6379]
2021-01-04 16:07:40,561 [main] INFO  [org.elasticsearch.plugins.PluginsService] PluginsService.java:190 - no modules loaded
2021-01-04 16:07:40,563 [main] INFO  [org.elasticsearch.plugins.PluginsService] PluginsService.java:193 - loaded plugin [org.elasticsearch.index.reindex.ReindexPlugin]
2021-01-04 16:07:40,564 [main] INFO  [org.elasticsearch.plugins.PluginsService] PluginsService.java:193 - loaded plugin [org.elasticsearch.join.ParentJoinPlugin]
2021-01-04 16:07:40,564 [main] INFO  [org.elasticsearch.plugins.PluginsService] PluginsService.java:193 - loaded plugin [org.elasticsearch.percolator.PercolatorPlugin]
2021-01-04 16:07:40,564 [main] INFO  [org.elasticsearch.plugins.PluginsService] PluginsService.java:193 - loaded plugin [org.elasticsearch.script.mustache.MustachePlugin]
2021-01-04 16:07:40,565 [main] INFO  [org.elasticsearch.plugins.PluginsService] PluginsService.java:193 - loaded plugin [org.elasticsearch.transport.Netty4Plugin]
2021-01-04 16:07:43,456 [main] INFO  [o.s.d.e.client.TransportClientFactoryBean] TransportClientFactoryBean.java:88 - Adding transport node : 127.0.0.1:9300
2021-01-04 16:07:46,939 [main] ERROR [o.s.d.e.r.support.AbstractElasticsearchRepository] AbstractElasticsearchRepository.java:91 - failed to load elasticsearch nodes : org.elasticsearch.client.transport.NoNodeAvailableException: None of the configured nodes are available: [{#transport#-1}{YwKAwhPjSvy0GDyICQA6hA}{localhost}{127.0.0.1:9300}]
2021-01-04 16:07:47,839 [main] INFO  [s.d.s.w.PropertySourcedRequestMappingHandlerMapping] PropertySourcedRequestMappingHandlerMapping.java:69 - Mapped URL path [/v2/api-docs] onto method [public org.springframework.http.ResponseEntity<springfox.documentation.spring.web.json.Json> springfox.documentation.swagger2.web.Swagger2Controller.getDocumentation(java.lang.String,javax.servlet.http.HttpServletRequest)]
2021-01-04 16:07:48,151 [main] INFO  [o.s.security.web.DefaultSecurityFilterChain] DefaultSecurityFilterChain.java:43 - Creating filter chain: Ant [pattern='/**/*.html', GET], []
2021-01-04 16:07:48,151 [main] INFO  [o.s.security.web.DefaultSecurityFilterChain] DefaultSecurityFilterChain.java:43 - Creating filter chain: Ant [pattern='/**/*.css', GET], []
2021-01-04 16:07:48,151 [main] INFO  [o.s.security.web.DefaultSecurityFilterChain] DefaultSecurityFilterChain.java:43 - Creating filter chain: Ant [pattern='/**/*.js', GET], []
2021-01-04 16:07:48,152 [main] INFO  [o.s.security.web.DefaultSecurityFilterChain] DefaultSecurityFilterChain.java:43 - Creating filter chain: Ant [pattern='/favicon.ico', GET], []
2021-01-04 16:07:48,236 [main] INFO  [o.s.security.web.DefaultSecurityFilterChain] DefaultSecurityFilterChain.java:43 - Creating filter chain: any request, [org.springframework.security.web.context.request.async.WebAsyncManagerIntegrationFilter@723b8eff, org.springframework.security.web.context.SecurityContextPersistenceFilter@34b462e0, org.springframework.security.web.header.HeaderWriterFilter@74844216, org.springframework.web.filter.CorsFilter@2726a511, org.springframework.security.web.authentication.logout.LogoutFilter@7d43f1c9, io.pandora.mall.module.security.filter.MyAuthenticationFilter@46a8c2b4, io.pandora.mall.module.security.filter.MyLoginFiler@4f664bee, org.springframework.security.web.savedrequest.RequestCacheAwareFilter@6c8d638a, org.springframework.security.web.servletapi.SecurityContextHolderAwareRequestFilter@11174bf, org.springframework.security.web.authentication.AnonymousAuthenticationFilter@3987a1e8, org.springframework.security.web.session.SessionManagementFilter@fd0e118, org.springframework.security.web.access.ExceptionTranslationFilter@19677add, org.springframework.security.web.access.intercept.FilterSecurityInterceptor@54c3e686]
2021-01-04 16:07:48,379 [main] INFO  [o.s.a.rabbit.connection.CachingConnectionFactory] AbstractConnectionFactory.java:460 - Attempting to connect to: [localhost:5672]
2021-01-04 16:07:48,459 [main] INFO  [o.s.a.rabbit.connection.CachingConnectionFactory] AbstractConnectionFactory.java:496 - Created new connection: rabbitConnectionFactory#69a3bf40:0/SimpleConnection@1c22642d [delegate=amqp://guest@127.0.0.1:5672/, localPort= 51821]
2021-01-04 16:07:49,033 [main] INFO  [o.s.scheduling.concurrent.ThreadPoolTaskExecutor] ExecutorConfigurationSupport.java:171 - Initializing ExecutorService 'applicationTaskExecutor'
2021-01-04 16:07:49,350 [main] INFO  [org.dozer.config.GlobalSettings] GlobalSettings.java:113 - Trying to find Dozer configuration file: dozer.properties
2021-01-04 16:07:49,355 [main] WARN  [org.dozer.config.GlobalSettings] GlobalSettings.java:118 - Dozer configuration file not found: dozer.properties.  Using defaults for all Dozer global properties.
2021-01-04 16:07:49,357 [main] INFO  [org.dozer.DozerInitializer] DozerInitializer.java:75 - Initializing Dozer. Version: 5.5.0, Thread Name: main
2021-01-04 16:07:49,360 [main] INFO  [org.dozer.jmx.JMXPlatformImpl] JMXPlatformImpl.java:66 - Dozer JMX MBean [org.dozer.jmx:type=DozerStatisticsController] auto registered with the Platform MBean Server
2021-01-04 16:07:49,361 [main] INFO  [org.dozer.jmx.JMXPlatformImpl] JMXPlatformImpl.java:66 - Dozer JMX MBean [org.dozer.jmx:type=DozerAdminController] auto registered with the Platform MBean Server
2021-01-04 16:07:49,363 [main] INFO  [org.dozer.DozerBeanMapper] DozerBeanMapper.java:175 - Initializing a new instance of dozer bean mapper.
2021-01-04 16:07:51,385 [main] INFO  [s.d.s.web.plugins.DocumentationPluginsBootstrapper] DocumentationPluginsBootstrapper.java:147 - Context refreshed
2021-01-04 16:07:51,425 [main] INFO  [s.d.s.web.plugins.DocumentationPluginsBootstrapper] DocumentationPluginsBootstrapper.java:150 - Found 2 custom documentation plugin(s)
2021-01-04 16:07:51,498 [main] INFO  [s.d.spring.web.scanners.ApiListingReferenceScanner] ApiListingReferenceScanner.java:41 - Scanning for api listing references
2021-01-04 16:07:51,884 [main] INFO  [s.d.spring.web.scanners.ApiListingReferenceScanner] ApiListingReferenceScanner.java:41 - Scanning for api listing references
2021-01-04 16:07:51,895 [main] INFO  [s.d.s.w.r.operation.CachingOperationNameGenerator] CachingOperationNameGenerator.java:40 - Generating unique operation named: loginUsingPOST_1
2021-01-04 16:07:51,901 [main] INFO  [s.d.s.w.r.operation.CachingOperationNameGenerator] CachingOperationNameGenerator.java:40 - Generating unique operation named: verifyCodeUsingGET_1
2021-01-04 16:07:51,980 [main] INFO  [s.d.s.w.r.operation.CachingOperationNameGenerator] CachingOperationNameGenerator.java:40 - Generating unique operation named: updateUsingPOST_1
2021-01-04 16:07:51,985 [main] INFO  [s.d.s.w.r.operation.CachingOperationNameGenerator] CachingOperationNameGenerator.java:40 - Generating unique operation named: updateUsingPOST_2
2021-01-04 16:07:51,987 [main] INFO  [o.s.scheduling.quartz.SchedulerFactoryBean] SchedulerFactoryBean.java:726 - Starting Quartz Scheduler now
2021-01-04 16:07:51,987 [main] INFO  [org.quartz.core.QuartzScheduler] QuartzScheduler.java:547 - Scheduler schedulerFactoryBean_$_NON_CLUSTERED started.
2021-01-04 16:07:52,012 [main] INFO  [o.e.j.server.handler.ContextHandler.application] ContextHandler.java:2345 - Initializing Spring DispatcherServlet 'dispatcherServlet'
2021-01-04 16:07:52,013 [main] INFO  [org.springframework.web.servlet.DispatcherServlet] FrameworkServlet.java:524 - Initializing Servlet 'dispatcherServlet'
2021-01-04 16:07:52,032 [main] INFO  [org.springframework.web.servlet.DispatcherServlet] FrameworkServlet.java:546 - Completed initialization in 19 ms
2021-01-04 16:07:52,051 [main] INFO  [org.eclipse.jetty.server.AbstractConnector] AbstractConnector.java:292 - Started ServerConnector@5fe024a7{HTTP/1.1,[http/1.1]}{0.0.0.0:9009}
2021-01-04 16:07:52,055 [main] INFO  [o.s.boot.web.embedded.jetty.JettyWebServer] JettyWebServer.java:159 - Jetty started on port(s) 9009 (http/1.1) with context path '/'
2021-01-04 16:07:52,058 [main] INFO  [io.pandora.mall.PandoraApplication] StartupInfoLogger.java:59 - Started PandoraApplication in 23.954 seconds (JVM running for 26.334)
2021-01-04 16:07:52,210 [main] INFO  [io.pandora.mall.job.service.SystemTaskServiceImpl] SystemTaskServiceImpl.java:116 - [定时任务] 初始化定时任务条数:1
2021-01-04 16:07:52,215 [main] INFO  [io.pandora.mall.PandoraApplication] PandoraApplication.java:36 - run at http://127.0.0.1:9009/doc.html
